Archive:  xbolva00.zip
  inflating: builtin.c               
  inflating: expr.c                  
  inflating: ial.c                   
  inflating: instructions.c          
  inflating: interpret.c             
  inflating: list.c                  
  inflating: main.c                  
  inflating: memory_constants.c      
  inflating: parser.c                
  inflating: precedence_stack.c      
  inflating: scanner.c               
  inflating: strings.c               
  inflating: symbol_table.c          
  inflating: token_buffer.c          
  inflating: builtin.h               
  inflating: debug.h                 
  inflating: error_codes.h           
  inflating: expr.h                  
  inflating: ial.h                   
  inflating: instructions.h          
  inflating: interpret.h             
  inflating: list.h                  
  inflating: memory_constants.h      
  inflating: parser.h                
  inflating: precedence_stack.h      
  inflating: scanner.h               
  inflating: strings.h               
  inflating: symbol_table.h          
  inflating: token_buffer.h          
  inflating: Makefile                
  inflating: rozdeleni               
 extracting: rozsireni               
  inflating: tests/run_tests.sh      
  inflating: tests/test1.code        
 extracting: tests/test1.exit_code   
 extracting: tests/test1.exit_code_ok  
 extracting: tests/test1.output      
 extracting: tests/test1.output_ok   
  inflating: tests/test10.code       
 extracting: tests/test10.exit_code  
 extracting: tests/test10.exit_code_ok  
 extracting: tests/test10.output     
 extracting: tests/test10.output_ok  
  inflating: tests/test100.code      
 extracting: tests/test100.exit_code  
 extracting: tests/test100.exit_code_ok  
 extracting: tests/test100.output    
 extracting: tests/test100.output_ok  
  inflating: tests/test101.code      
 extracting: tests/test101.exit_code  
 extracting: tests/test101.exit_code_ok  
 extracting: tests/test101.output    
 extracting: tests/test101.output_ok  
  inflating: tests/test102.code      
 extracting: tests/test102.exit_code  
 extracting: tests/test102.exit_code_ok  
  inflating: tests/test102.output    
  inflating: tests/test102.output_ok  
  inflating: tests/test103.code      
 extracting: tests/test103.exit_code  
 extracting: tests/test103.exit_code_ok  
 extracting: tests/test103.output    
 extracting: tests/test103.output_ok  
  inflating: tests/test104.code      
 extracting: tests/test104.exit_code  
 extracting: tests/test104.exit_code_ok  
 extracting: tests/test104.output    
 extracting: tests/test104.output_ok  
  inflating: tests/test105.code      
 extracting: tests/test105.exit_code  
 extracting: tests/test105.exit_code_ok  
 extracting: tests/test105.output    
 extracting: tests/test105.output_ok  
  inflating: tests/test106.code      
 extracting: tests/test106.exit_code  
 extracting: tests/test106.exit_code_ok  
 extracting: tests/test106.output    
 extracting: tests/test106.output_ok  
  inflating: tests/test107.code      
 extracting: tests/test107.exit_code  
 extracting: tests/test107.exit_code_ok  
 extracting: tests/test107.output    
 extracting: tests/test107.output_ok  
  inflating: tests/test108.code      
 extracting: tests/test108.exit_code  
 extracting: tests/test108.exit_code_ok  
  inflating: tests/test108.output    
  inflating: tests/test108.output_ok  
  inflating: tests/test109.code      
 extracting: tests/test109.exit_code  
 extracting: tests/test109.exit_code_ok  
  inflating: tests/test109.output    
  inflating: tests/test109.output_ok  
  inflating: tests/test11.code       
 extracting: tests/test11.exit_code  
 extracting: tests/test11.exit_code_ok  
 extracting: tests/test11.output     
 extracting: tests/test11.output_ok  
  inflating: tests/test110.code      
 extracting: tests/test110.exit_code  
 extracting: tests/test110.exit_code_ok  
  inflating: tests/test110.output    
  inflating: tests/test110.output_ok  
  inflating: tests/test12.code       
 extracting: tests/test12.exit_code  
 extracting: tests/test12.exit_code_ok  
 extracting: tests/test12.output     
 extracting: tests/test12.output_ok  
  inflating: tests/test13.code       
 extracting: tests/test13.exit_code  
 extracting: tests/test13.exit_code_ok  
 extracting: tests/test13.output     
 extracting: tests/test13.output_ok  
  inflating: tests/test14.code       
 extracting: tests/test14.exit_code  
 extracting: tests/test14.exit_code_ok  
 extracting: tests/test14.output     
 extracting: tests/test14.output_ok  
  inflating: tests/test15.code       
 extracting: tests/test15.exit_code  
 extracting: tests/test15.exit_code_ok  
 extracting: tests/test15.output     
 extracting: tests/test15.output_ok  
  inflating: tests/test16.code       
 extracting: tests/test16.exit_code  
 extracting: tests/test16.exit_code_ok  
 extracting: tests/test16.output     
 extracting: tests/test16.output_ok  
  inflating: tests/test17.code       
 extracting: tests/test17.exit_code  
 extracting: tests/test17.exit_code_ok  
 extracting: tests/test17.output     
 extracting: tests/test17.output_ok  
  inflating: tests/test18.code       
 extracting: tests/test18.exit_code  
 extracting: tests/test18.exit_code_ok  
 extracting: tests/test18.output     
 extracting: tests/test18.output_ok  
  inflating: tests/test19.code       
 extracting: tests/test19.exit_code  
 extracting: tests/test19.exit_code_ok  
 extracting: tests/test19.output     
 extracting: tests/test19.output_ok  
  inflating: tests/test2.code        
 extracting: tests/test2.exit_code   
 extracting: tests/test2.exit_code_ok  
 extracting: tests/test2.output      
 extracting: tests/test2.output_ok   
  inflating: tests/test20.code       
 extracting: tests/test20.exit_code  
 extracting: tests/test20.exit_code_ok  
 extracting: tests/test20.output     
 extracting: tests/test20.output_ok  
  inflating: tests/test21.code       
 extracting: tests/test21.exit_code  
 extracting: tests/test21.exit_code_ok  
 extracting: tests/test21.output     
 extracting: tests/test21.output_ok  
  inflating: tests/test22.code       
 extracting: tests/test22.exit_code  
 extracting: tests/test22.exit_code_ok  
 extracting: tests/test22.output     
 extracting: tests/test22.output_ok  
  inflating: tests/test23.code       
 extracting: tests/test23.exit_code  
 extracting: tests/test23.exit_code_ok  
 extracting: tests/test23.output     
 extracting: tests/test23.output_ok  
  inflating: tests/test24.code       
 extracting: tests/test24.exit_code  
 extracting: tests/test24.exit_code_ok  
 extracting: tests/test24.output     
 extracting: tests/test24.output_ok  
  inflating: tests/test25.code       
 extracting: tests/test25.exit_code  
 extracting: tests/test25.exit_code_ok  
  inflating: tests/test25.output     
  inflating: tests/test25.output_ok  
  inflating: tests/test26.code       
 extracting: tests/test26.exit_code  
 extracting: tests/test26.exit_code_ok  
 extracting: tests/test26.output     
 extracting: tests/test26.output_ok  
  inflating: tests/test27.code       
 extracting: tests/test27.exit_code  
 extracting: tests/test27.exit_code_ok  
 extracting: tests/test27.output     
 extracting: tests/test27.output_ok  
  inflating: tests/test28.code       
 extracting: tests/test28.exit_code  
 extracting: tests/test28.exit_code_ok  
 extracting: tests/test28.output     
 extracting: tests/test28.output_ok  
  inflating: tests/test29.code       
 extracting: tests/test29.exit_code  
 extracting: tests/test29.exit_code_ok  
 extracting: tests/test29.output     
 extracting: tests/test29.output_ok  
  inflating: tests/test3.code        
 extracting: tests/test3.exit_code   
 extracting: tests/test3.exit_code_ok  
 extracting: tests/test3.output      
 extracting: tests/test3.output_ok   
  inflating: tests/test30.code       
 extracting: tests/test30.exit_code  
 extracting: tests/test30.exit_code_ok  
 extracting: tests/test30.output     
 extracting: tests/test30.output_ok  
  inflating: tests/test31.code       
 extracting: tests/test31.exit_code  
 extracting: tests/test31.exit_code_ok  
  inflating: tests/test31.output     
  inflating: tests/test31.output_ok  
  inflating: tests/test32.code       
 extracting: tests/test32.exit_code  
 extracting: tests/test32.exit_code_ok  
 extracting: tests/test32.output     
 extracting: tests/test32.output_ok  
  inflating: tests/test33.code       
 extracting: tests/test33.exit_code  
 extracting: tests/test33.exit_code_ok  
 extracting: tests/test33.output     
 extracting: tests/test33.output_ok  
  inflating: tests/test34.code       
 extracting: tests/test34.exit_code  
 extracting: tests/test34.exit_code_ok  
 extracting: tests/test34.output     
 extracting: tests/test34.output_ok  
  inflating: tests/test35.code       
 extracting: tests/test35.exit_code  
 extracting: tests/test35.exit_code_ok  
 extracting: tests/test35.output     
 extracting: tests/test35.output_ok  
  inflating: tests/test36.code       
 extracting: tests/test36.exit_code  
 extracting: tests/test36.exit_code_ok  
 extracting: tests/test36.output     
 extracting: tests/test36.output_ok  
  inflating: tests/test37.code       
 extracting: tests/test37.exit_code  
 extracting: tests/test37.exit_code_ok  
 extracting: tests/test37.output     
 extracting: tests/test37.output_ok  
  inflating: tests/test38.code       
 extracting: tests/test38.exit_code  
 extracting: tests/test38.exit_code_ok  
 extracting: tests/test38.output     
 extracting: tests/test38.output_ok  
  inflating: tests/test39.code       
 extracting: tests/test39.exit_code  
 extracting: tests/test39.exit_code_ok  
 extracting: tests/test39.output     
 extracting: tests/test39.output_ok  
  inflating: tests/test4.code        
 extracting: tests/test4.exit_code   
 extracting: tests/test4.exit_code_ok  
 extracting: tests/test4.output      
 extracting: tests/test4.output_ok   
  inflating: tests/test40.code       
 extracting: tests/test40.exit_code  
 extracting: tests/test40.exit_code_ok  
 extracting: tests/test40.output     
 extracting: tests/test40.output_ok  
  inflating: tests/test41.code       
 extracting: tests/test41.exit_code  
 extracting: tests/test41.exit_code_ok  
 extracting: tests/test41.output     
 extracting: tests/test41.output_ok  
  inflating: tests/test42.code       
 extracting: tests/test42.exit_code  
 extracting: tests/test42.exit_code_ok  
 extracting: tests/test42.output     
 extracting: tests/test42.output_ok  
  inflating: tests/test43.code       
 extracting: tests/test43.exit_code  
 extracting: tests/test43.exit_code_ok  
 extracting: tests/test43.output     
 extracting: tests/test43.output_ok  
  inflating: tests/test44.code       
 extracting: tests/test44.exit_code  
 extracting: tests/test44.exit_code_ok  
 extracting: tests/test44.output     
 extracting: tests/test44.output_ok  
  inflating: tests/test45.code       
 extracting: tests/test45.exit_code  
 extracting: tests/test45.exit_code_ok  
 extracting: tests/test45.output     
 extracting: tests/test45.output_ok  
  inflating: tests/test46.code       
 extracting: tests/test46.exit_code  
 extracting: tests/test46.exit_code_ok  
 extracting: tests/test46.output     
 extracting: tests/test46.output_ok  
  inflating: tests/test47.code       
 extracting: tests/test47.exit_code  
 extracting: tests/test47.exit_code_ok  
 extracting: tests/test47.output     
 extracting: tests/test47.output_ok  
  inflating: tests/test48.code       
 extracting: tests/test48.exit_code  
 extracting: tests/test48.exit_code_ok  
 extracting: tests/test48.output     
 extracting: tests/test48.output_ok  
  inflating: tests/test49.code       
 extracting: tests/test49.exit_code  
 extracting: tests/test49.exit_code_ok  
 extracting: tests/test49.output     
 extracting: tests/test49.output_ok  
  inflating: tests/test5.code        
 extracting: tests/test5.exit_code   
 extracting: tests/test5.exit_code_ok  
 extracting: tests/test5.output      
 extracting: tests/test5.output_ok   
  inflating: tests/test50.code       
 extracting: tests/test50.exit_code  
 extracting: tests/test50.exit_code_ok  
 extracting: tests/test50.output     
 extracting: tests/test50.output_ok  
 extracting: tests/test51.code       
 extracting: tests/test51.exit_code  
 extracting: tests/test51.exit_code_ok  
 extracting: tests/test51.output     
 extracting: tests/test51.output_ok  
 extracting: tests/test52.code       
 extracting: tests/test52.exit_code  
 extracting: tests/test52.exit_code_ok  
 extracting: tests/test52.output     
 extracting: tests/test52.output_ok  
  inflating: tests/test53.code       
 extracting: tests/test53.exit_code  
 extracting: tests/test53.exit_code_ok  
  inflating: tests/test53.output     
  inflating: tests/test53.output_ok  
  inflating: tests/test54.code       
 extracting: tests/test54.exit_code  
 extracting: tests/test54.exit_code_ok  
 extracting: tests/test54.output     
 extracting: tests/test54.output_ok  
  inflating: tests/test55.code       
 extracting: tests/test55.exit_code  
 extracting: tests/test55.exit_code_ok  
 extracting: tests/test55.output     
 extracting: tests/test55.output_ok  
 extracting: tests/test56.code       
 extracting: tests/test56.exit_code  
 extracting: tests/test56.exit_code_ok  
 extracting: tests/test56.output     
 extracting: tests/test56.output_ok  
 extracting: tests/test57.code       
 extracting: tests/test57.exit_code  
 extracting: tests/test57.exit_code_ok  
 extracting: tests/test57.output     
 extracting: tests/test57.output_ok  
 extracting: tests/test58.code       
 extracting: tests/test58.exit_code  
 extracting: tests/test58.exit_code_ok  
 extracting: tests/test58.output     
 extracting: tests/test58.output_ok  
  inflating: tests/test59.code       
 extracting: tests/test59.exit_code  
 extracting: tests/test59.exit_code_ok  
  inflating: tests/test59.output     
  inflating: tests/test59.output_ok  
  inflating: tests/test6.code        
 extracting: tests/test6.exit_code   
 extracting: tests/test6.exit_code_ok  
 extracting: tests/test6.output      
 extracting: tests/test6.output_ok   
 extracting: tests/test60.code       
 extracting: tests/test60.exit_code  
 extracting: tests/test60.exit_code_ok  
 extracting: tests/test60.output     
 extracting: tests/test60.output_ok  
  inflating: tests/test61.code       
 extracting: tests/test61.exit_code  
 extracting: tests/test61.exit_code_ok  
 extracting: tests/test61.output     
 extracting: tests/test61.output_ok  
 extracting: tests/test62.code       
 extracting: tests/test62.exit_code  
 extracting: tests/test62.exit_code_ok  
 extracting: tests/test62.output     
 extracting: tests/test62.output_ok  
  inflating: tests/test63.code       
 extracting: tests/test63.exit_code  
 extracting: tests/test63.exit_code_ok  
 extracting: tests/test63.output     
 extracting: tests/test63.output_ok  
 extracting: tests/test64.code       
 extracting: tests/test64.exit_code  
 extracting: tests/test64.exit_code_ok  
 extracting: tests/test64.output     
 extracting: tests/test64.output_ok  
  inflating: tests/test65.code       
 extracting: tests/test65.exit_code  
 extracting: tests/test65.exit_code_ok  
 extracting: tests/test65.output     
 extracting: tests/test65.output_ok  
  inflating: tests/test66.code       
 extracting: tests/test66.exit_code  
 extracting: tests/test66.exit_code_ok  
 extracting: tests/test66.output     
 extracting: tests/test66.output_ok  
  inflating: tests/test67.code       
 extracting: tests/test67.exit_code  
 extracting: tests/test67.exit_code_ok  
 extracting: tests/test67.output     
 extracting: tests/test67.output_ok  
  inflating: tests/test68.code       
 extracting: tests/test68.exit_code  
 extracting: tests/test68.exit_code_ok  
 extracting: tests/test68.output     
 extracting: tests/test68.output_ok  
  inflating: tests/test69.code       
 extracting: tests/test69.exit_code  
 extracting: tests/test69.exit_code_ok  
 extracting: tests/test69.output     
 extracting: tests/test69.output_ok  
  inflating: tests/test7.code        
 extracting: tests/test7.exit_code   
 extracting: tests/test7.exit_code_ok  
 extracting: tests/test7.output      
 extracting: tests/test7.output_ok   
  inflating: tests/test70.code       
 extracting: tests/test70.exit_code  
 extracting: tests/test70.exit_code_ok  
  inflating: tests/test70.output     
  inflating: tests/test70.output_ok  
  inflating: tests/test71.code       
 extracting: tests/test71.exit_code  
 extracting: tests/test71.exit_code_ok  
 extracting: tests/test71.output     
 extracting: tests/test71.output_ok  
 extracting: tests/test72.code       
 extracting: tests/test72.exit_code  
 extracting: tests/test72.exit_code_ok  
 extracting: tests/test72.output     
 extracting: tests/test72.output_ok  
  inflating: tests/test73.code       
 extracting: tests/test73.exit_code  
 extracting: tests/test73.exit_code_ok  
 extracting: tests/test73.output     
 extracting: tests/test73.output_ok  
  inflating: tests/test74.code       
 extracting: tests/test74.exit_code  
 extracting: tests/test74.exit_code_ok  
 extracting: tests/test74.output     
 extracting: tests/test74.output_ok  
  inflating: tests/test75.code       
 extracting: tests/test75.exit_code  
 extracting: tests/test75.exit_code_ok  
 extracting: tests/test75.output     
 extracting: tests/test75.output_ok  
  inflating: tests/test76.code       
 extracting: tests/test76.exit_code  
 extracting: tests/test76.exit_code_ok  
 extracting: tests/test76.output     
 extracting: tests/test76.output_ok  
  inflating: tests/test77.code       
 extracting: tests/test77.exit_code  
 extracting: tests/test77.exit_code_ok  
 extracting: tests/test77.output     
 extracting: tests/test77.output_ok  
  inflating: tests/test78.code       
 extracting: tests/test78.exit_code  
 extracting: tests/test78.exit_code_ok  
 extracting: tests/test78.output     
 extracting: tests/test78.output_ok  
  inflating: tests/test79.code       
 extracting: tests/test79.exit_code  
 extracting: tests/test79.exit_code_ok  
 extracting: tests/test79.output     
 extracting: tests/test79.output_ok  
  inflating: tests/test8.code        
 extracting: tests/test8.exit_code   
 extracting: tests/test8.exit_code_ok  
 extracting: tests/test8.output      
 extracting: tests/test8.output_ok   
  inflating: tests/test80.code       
 extracting: tests/test80.exit_code  
 extracting: tests/test80.exit_code_ok  
 extracting: tests/test80.output     
 extracting: tests/test80.output_ok  
  inflating: tests/test81.code       
 extracting: tests/test81.exit_code  
 extracting: tests/test81.exit_code_ok  
 extracting: tests/test81.output     
 extracting: tests/test81.output_ok  
  inflating: tests/test82.code       
 extracting: tests/test82.exit_code  
 extracting: tests/test82.exit_code_ok  
 extracting: tests/test82.output     
 extracting: tests/test82.output_ok  
  inflating: tests/test83.code       
 extracting: tests/test83.exit_code  
 extracting: tests/test83.exit_code_ok  
 extracting: tests/test83.output     
 extracting: tests/test83.output_ok  
  inflating: tests/test84.code       
 extracting: tests/test84.exit_code  
 extracting: tests/test84.exit_code_ok  
 extracting: tests/test84.output     
 extracting: tests/test84.output_ok  
  inflating: tests/test85.code       
 extracting: tests/test85.exit_code  
 extracting: tests/test85.exit_code_ok  
 extracting: tests/test85.output     
 extracting: tests/test85.output_ok  
  inflating: tests/test86.code       
 extracting: tests/test86.exit_code  
 extracting: tests/test86.exit_code_ok  
 extracting: tests/test86.output     
 extracting: tests/test86.output_ok  
  inflating: tests/test87.code       
 extracting: tests/test87.exit_code  
 extracting: tests/test87.exit_code_ok  
 extracting: tests/test87.output     
 extracting: tests/test87.output_ok  
  inflating: tests/test88.code       
 extracting: tests/test88.exit_code  
 extracting: tests/test88.exit_code_ok  
 extracting: tests/test88.output     
 extracting: tests/test88.output_ok  
  inflating: tests/test89.code       
 extracting: tests/test89.exit_code  
 extracting: tests/test89.exit_code_ok  
 extracting: tests/test89.output     
 extracting: tests/test89.output_ok  
  inflating: tests/test9.code        
 extracting: tests/test9.exit_code   
 extracting: tests/test9.exit_code_ok  
 extracting: tests/test9.output      
 extracting: tests/test9.output_ok   
  inflating: tests/test90.code       
 extracting: tests/test90.exit_code  
 extracting: tests/test90.exit_code_ok  
 extracting: tests/test90.output     
 extracting: tests/test90.output_ok  
  inflating: tests/test91.code       
 extracting: tests/test91.exit_code  
 extracting: tests/test91.exit_code_ok  
  inflating: tests/test91.output     
  inflating: tests/test91.output_ok  
  inflating: tests/test92.code       
 extracting: tests/test92.exit_code  
 extracting: tests/test92.exit_code_ok  
 extracting: tests/test92.output     
 extracting: tests/test92.output_ok  
  inflating: tests/test93.code       
 extracting: tests/test93.exit_code  
 extracting: tests/test93.exit_code_ok  
 extracting: tests/test93.output     
 extracting: tests/test93.output_ok  
  inflating: tests/test94.code       
 extracting: tests/test94.exit_code  
 extracting: tests/test94.exit_code_ok  
 extracting: tests/test94.output     
 extracting: tests/test94.output_ok  
  inflating: tests/test95.code       
 extracting: tests/test95.exit_code  
 extracting: tests/test95.exit_code_ok  
  inflating: tests/test95.output     
  inflating: tests/test95.output_ok  
  inflating: tests/test96.code       
 extracting: tests/test96.exit_code  
 extracting: tests/test96.exit_code_ok  
 extracting: tests/test96.output     
 extracting: tests/test96.output_ok  
  inflating: tests/test97.code       
 extracting: tests/test97.exit_code  
 extracting: tests/test97.exit_code_ok  
 extracting: tests/test97.output     
 extracting: tests/test97.output_ok  
 extracting: tests/test98.code       
 extracting: tests/test98.exit_code  
 extracting: tests/test98.exit_code_ok  
 extracting: tests/test98.output     
 extracting: tests/test98.output_ok  
 extracting: tests/test99.code       
 extracting: tests/test99.exit_code  
 extracting: tests/test99.exit_code_ok  
 extracting: tests/test99.output     
 extracting: tests/test99.output_ok  
